#
# There is insufficient memory for the Java Runtime Environment to continue.
# Native memory allocation (malloc) failed to allocate 1048576 bytes. Error detail: AllocateHeap
# Possible reasons:
#   The system is out of physical RAM or swap space
#   This process is running with CompressedOops enabled, and the Java Heap may be blocking the growth of the native heap
# Possible solutions:
#   Reduce memory load on the system
#   Increase physical memory or swap space
#   Check if swap backing store is full
#   Decrease Java heap size (-Xmx/-Xms)
#   Decrease number of Java threads
#   Decrease Java thread stack sizes (-Xss)
#   Set larger code cache with -XX:ReservedCodeCacheSize=
#   JVM is running with Unscaled Compressed Oops mode in which the Java heap is
#     placed in the first 4GB address space. The Java Heap base address is the
#     maximum limit for the native heap growth. Please use -XX:HeapBaseMinAddress
#     to set the Java Heap base and to place the Java Heap above 4GB virtual address.
# This output file may be truncated or incomplete.
#
#  Out of Memory Error (allocation.cpp:44), pid=12820, tid=13080
#
# JRE version: OpenJDK Runtime Environment Temurin-21.0.10+7 (21.0.10+7) (build 21.0.10+7-LTS)
# Java VM: OpenJDK 64-Bit Server VM Temurin-21.0.10+7 (21.0.10+7-LTS, mixed mode, sharing, tiered, compressed oops, compressed class ptrs, parallel gc, windows-amd64)
# No core dump will be written. Minidumps are not enabled by default on client versions of Windows
#

---------------  S U M M A R Y ------------

Command Line: --add-modules=ALL-SYSTEM --add-opens=java.base/java.util=ALL-UNNAMED --add-opens=java.base/java.lang=ALL-UNNAMED --add-opens=java.base/sun.nio.fs=ALL-UNNAMED -Declipse.application=org.eclipse.jdt.ls.core.id1 -Dosgi.bundles.defaultStartLevel=4 -Declipse.product=org.eclipse.jdt.ls.core.product -Djava.import.generatesMetadataFilesAtProjectRoot=false -DDetectVMInstallationsJob.disabled=true -Dfile.encoding=utf8 -XX:+UseParallelGC -XX:GCTimeRatio=4 -XX:AdaptiveSizePolicyWeight=90 -Dsun.zip.disableMemoryMapping=true -Xmx2G -Xms100m -Xlog:disable -javaagent:c:\Users\rayve\.vscode\extensions\redhat.java-1.55.2026051309-win32-x64\lombok\lombok-1.18.39-4050.jar -XX:+HeapDumpOnOutOfMemoryError -XX:HeapDumpPath=c:\Users\rayve\AppData\Roaming\Code\User\workspaceStorage\792740c2d36aa657848dadd648ffdb4e\redhat.java -Daether.dependencyCollector.impl=bf -XX:+UnlockDiagnosticVMOptions -XX:+AllowArchivingWithJavaAgent -XX:+AutoCreateSharedArchive -XX:SharedArchiveFile=c:\Users\rayve\AppData\Roaming\Code\User\globalStorage\redhat.java\1.55.2026051309\jdtls.jsa c:\Users\rayve\.vscode\extensions\redhat.java-1.55.2026051309-win32-x64\server\plugins\org.eclipse.equinox.launcher_1.7.100.v20251111-0406.jar -configuration c:\Users\rayve\AppData\Roaming\Code\User\globalStorage\redhat.java\1.55.2026051309\config_win -data c:\Users\rayve\AppData\Roaming\Code\User\workspaceStorage\792740c2d36aa657848dadd648ffdb4e\redhat.java\jdt_ws --pipe=\\.\pipe\lsp-0dd0a7b680d8efaac9c1403cf18991bb-sock

Host: Intel(R) Core(TM) i3-7100U CPU @ 2.40GHz, 4 cores, 15G,  Windows 10 , 64 bit Build 19041 (10.0.19041.7291)
Time: Mon May 18 12:21:38 2026 Taipei Standard Time elapsed time: 42238.082155 seconds (0d 11h 43m 58s)

---------------  T H R E A D  ---------------

Current thread (0x000002156537aba0):  JavaThread "Attach Listener" daemon [_thread_in_vm, id=13080, stack(0x0000002020600000,0x0000002020700000) (1024K)]

Stack: [0x0000002020600000,0x0000002020700000]
Native frames: (J=compiled Java code, j=interpreted, Vv=VM code, C=native code)
V  [jvm.dll+0x6d7a39]
V  [jvm.dll+0x8b4b26]
V  [jvm.dll+0x8b70de]
V  [jvm.dll+0x8b77c3]
V  [jvm.dll+0x284346]
V  [jvm.dll+0xc1277]
V  [jvm.dll+0x6d82e9]
V  [jvm.dll+0x1334a6]
V  [jvm.dll+0x3f857e]
V  [jvm.dll+0x85f59d]
V  [jvm.dll+0x6d626d]
C  [ucrtbase.dll+0x21bb2]
C  [KERNEL32.DLL+0x17374]
C  [ntdll.dll+0x4cc91]


---------------  P R O C E S S  ---------------

Threads class SMR info:
_java_thread_list=0x000002156638d570, length=34, elements={
0x000002154c6e1740, 0x0000021565374250, 0x00000215653761e0, 0x0000021565377d70,
0x000002156537aba0, 0x000002156537eb90, 0x000002156537f5f0, 0x0000021565380430,
0x00000215653f2950, 0x0000021566163330, 0x00000215661ae450, 0x00000215667f2f40,
0x000002156685f3c0, 0x00000215660c3f50, 0x0000021566499680, 0x00000215663144c0,
0x00000215663189a0, 0x0000021566656860, 0x00000215668cefb0, 0x00000215668d1080,
0x00000215668d09f0, 0x00000215668d1da0, 0x00000215668d2430, 0x000002156ba50db0,
0x000002156ba527f0, 0x000002156ba50720, 0x000002156ba52e80, 0x000002156ba53510,
0x000002156ba52160, 0x000002156ba51440, 0x000002156ba576b0, 0x00000215668cfcd0,
0x000002156ccf9f00, 0x000002156ccf2f70
}

Java Threads: ( => current thread )
  0x000002154c6e1740 JavaThread "main"                              [_thread_blocked, id=1548, stack(0x000000201fe00000,0x000000201ff00000) (1024K)]
  0x0000021565374250 JavaThread "Reference Handler"          daemon [_thread_blocked, id=1656, stack(0x0000002020300000,0x0000002020400000) (1024K)]
  0x00000215653761e0 JavaThread "Finalizer"                  daemon [_thread_blocked, id=12768, stack(0x0000002020400000,0x0000002020500000) (1024K)]
  0x0000021565377d70 JavaThread "Signal Dispatcher"          daemon [_thread_blocked, id=13068, stack(0x0000002020500000,0x0000002020600000) (1024K)]
=>0x000002156537aba0 JavaThread "Attach Listener"            daemon [_thread_in_vm, id=13080, stack(0x0000002020600000,0x0000002020700000) (1024K)]
  0x000002156537eb90 JavaThread "Service Thread"             daemon [_thread_blocked, id=8892, stack(0x0000002020700000,0x0000002020800000) (1024K)]
  0x000002156537f5f0 JavaThread "Monitor Deflation Thread"   daemon [_thread_blocked, id=8868, stack(0x0000002020800000,0x0000002020900000) (1024K)]
  0x0000021565380430 JavaThread "C2 CompilerThread0"         daemon [_thread_blocked, id=2504, stack(0x0000002020900000,0x0000002020a00000) (1024K)]
  0x00000215653f2950 JavaThread "C1 CompilerThread0"         daemon [_thread_blocked, id=2852, stack(0x0000002020a00000,0x0000002020b00000) (1024K)]
  0x0000021566163330 JavaThread "Common-Cleaner"             daemon [_thread_blocked, id=10896, stack(0x0000002020b00000,0x0000002020c00000) (1024K)]
  0x00000215661ae450 JavaThread "Notification Thread"        daemon [_thread_blocked, id=13228, stack(0x0000002020c00000,0x0000002020d00000) (1024K)]
  0x00000215667f2f40 JavaThread "Active Thread: Equinox Container: 558c5922-0ad1-48ac-87ad-e4c5d6ff9acf"        [_thread_blocked, id=12340, stack(0x0000002021100000,0x0000002021200000) (1024K)]
  0x000002156685f3c0 JavaThread "Refresh Thread: Equinox Container: 558c5922-0ad1-48ac-87ad-e4c5d6ff9acf" daemon [_thread_blocked, id=8844, stack(0x0000002021000000,0x0000002021100000) (1024K)]
  0x00000215660c3f50 JavaThread "Framework Event Dispatcher: Equinox Container: 558c5922-0ad1-48ac-87ad-e4c5d6ff9acf" daemon [_thread_blocked, id=12724, stack(0x0000002021200000,0x0000002021300000) (1024K)]
  0x0000021566499680 JavaThread "Start Level: Equinox Container: 558c5922-0ad1-48ac-87ad-e4c5d6ff9acf" daemon [_thread_blocked, id=5176, stack(0x0000002021300000,0x0000002021400000) (1024K)]
  0x00000215663144c0 JavaThread "Bundle File Closer"         daemon [_thread_blocked, id=5740, stack(0x0000002021400000,0x0000002021500000) (1024K)]
  0x00000215663189a0 JavaThread "SCR Component Actor"        daemon [_thread_blocked, id=5340, stack(0x000000201fd00000,0x000000201fe00000) (1024K)]
  0x0000021566656860 JavaThread "Worker-JM"                         [_thread_blocked, id=8704, stack(0x000000201ff00000,0x0000002020000000) (1024K)]
  0x00000215668cefb0 JavaThread "JNA Cleaner"                daemon [_thread_blocked, id=12988, stack(0x0000002021700000,0x0000002021800000) (1024K)]
  0x00000215668d1080 JavaThread "Worker-3"                          [_thread_blocked, id=13280, stack(0x0000002021b00000,0x0000002021c00000) (1024K)]
  0x00000215668d09f0 JavaThread "Java indexing"              daemon [_thread_blocked, id=13008, stack(0x0000002021d00000,0x0000002021e00000) (1024K)]
  0x00000215668d1da0 JavaThread "Worker-5"                          [_thread_blocked, id=9052, stack(0x0000002022100000,0x0000002022200000) (1024K)]
  0x00000215668d2430 JavaThread "Thread-1"                   daemon [_thread_in_native, id=10204, stack(0x0000002022200000,0x0000002022300000) (1024K)]
  0x000002156ba50db0 JavaThread "Thread-2"                   daemon [_thread_in_native, id=8188, stack(0x0000002022300000,0x0000002022400000) (1024K)]
  0x000002156ba527f0 JavaThread "Thread-3"                   daemon [_thread_in_native, id=3312, stack(0x0000002021c00000,0x0000002021d00000) (1024K)]
  0x000002156ba50720 JavaThread "Thread-4"                   daemon [_thread_in_native, id=4340, stack(0x0000002022400000,0x0000002022500000) (1024K)]
  0x000002156ba52e80 JavaThread "Thread-5"                   daemon [_thread_in_native, id=4972, stack(0x0000002022500000,0x0000002022600000) (1024K)]
  0x000002156ba53510 JavaThread "pool-2-thread-1"                   [_thread_blocked, id=9168, stack(0x0000002022600000,0x0000002022700000) (1024K)]
  0x000002156ba52160 JavaThread "WorkspaceEventsHandler"            [_thread_blocked, id=9592, stack(0x0000002022800000,0x0000002022900000) (1024K)]
  0x000002156ba51440 JavaThread "pool-1-thread-1"                   [_thread_blocked, id=9544, stack(0x0000002022900000,0x0000002022a00000) (1024K)]
  0x000002156ba576b0 JavaThread "Cleaner-0"                  daemon [_thread_blocked, id=5264, stack(0x0000002022d00000,0x0000002022e00000) (1024K)]
  0x00000215668cfcd0 JavaThread "Java Debug Server"          daemon [_thread_in_native, id=20344, stack(0x0000002021a00000,0x0000002021b00000) (1024K)]
  0x000002156ccf9f00 JavaThread "RxSchedulerPurge-1"         daemon [_thread_blocked, id=19592, stack(0x0000002021800000,0x0000002021900000) (1024K)]
  0x000002156ccf2f70 JavaThread "RxCachedWorkerPoolEvictor-1" daemon [_thread_blocked, id=16032, stack(0x0000002021f00000,0x0000002022000000) (1024K)]
Total: 34

Other Threads:
  0x000002154ea50190 VMThread "VM Thread"                           [id=1680, stack(0x0000002020200000,0x0000002020300000) (1024K)]
  0x000002156532cb50 WatcherThread "VM Periodic Task Thread"        [id=13112, stack(0x0000002020100000,0x0000002020200000) (1024K)]
  0x000002154e9ad740 WorkerThread "GC Thread#0"                     [id=5096, stack(0x0000002020000000,0x0000002020100000) (1024K)]
  0x0000021566527c00 WorkerThread "GC Thread#1"                     [id=12460, stack(0x0000002020d00000,0x0000002020e00000) (1024K)]
  0x0000021566545010 WorkerThread "GC Thread#2"                     [id=3304, stack(0x0000002020e00000,0x0000002020f00000) (1024K)]
  0x00000215665453c0 WorkerThread "GC Thread#3"                     [id=12772, stack(0x0000002020f00000,0x0000002021000000) (1024K)]
Total: 6

Threads with active compile tasks:
Total: 0

VM state: not at safepoint (normal execution)

VM Mutex/Monitor currently owned by a thread: None

Heap address: 0x0000000080000000, size: 2048 MB, Compressed Oops mode: 32-bit

CDS archive(s) mapped at: [0x0000021500000000-0x0000021500ba0000-0x0000021505350000), size 87359488, SharedBaseAddress: 0x0000021500000000, ArchiveRelocationMode: 1.
Compressed class space mapped at: 0x0000021506000000-0x0000021546000000, reserved size: 1073741824
Narrow klass base: 0x0000021500000000, Narrow klass shift: 0, Narrow klass range: 0x100000000

GC Precious Log:
 CardTable entry size: 512
 CPUs: 4 total, 4 available
 Memory: 16287M
 Large Page Support: Disabled
 NUMA Support: Disabled
 Compressed Oops: Enabled (32-bit)
 Alignments: Space 512K, Generation 512K, Heap 2M
 Heap Min Capacity: 100M
 Heap Initial Capacity: 100M
 Heap Max Capacity: 2G
 Pre-touch: Disabled
 Parallel Workers: 4

Heap:
 PSYoungGen      total 12800K, used 6436K [0x00000000d5580000, 0x00000000d6380000, 0x0000000100000000)
  eden space 11776K, 51% used [0x00000000d5580000,0x00000000d5b65c90,0x00000000d6100000)
  from space 1024K, 38% used [0x00000000d6180000,0x00000000d61e3428,0x00000000d6280000)
  to   space 512K, 0% used [0x00000000d6300000,0x00000000d6300000,0x00000000d6380000)
 ParOldGen       total 75776K, used 75589K [0x0000000080000000, 0x0000000084a00000, 0x00000000d5580000)
  object space 75776K, 99% used [0x0000000080000000,0x00000000849d1530,0x0000000084a00000)
 Metaspace       used 26557K, committed 27648K, reserved 1114112K
  class space    used 2274K, committed 2752K, reserved 1048576K

Card table byte_map: [0x000002154e340000,0x000002154e750000] _byte_map_base: 0x000002154df40000

Marking Bits: (ParMarkBitMap*) 0x00007ffce4ba3450
 Begin Bits: [0x0000021560e50000, 0x0000021562e50000)
 End Bits:   [0x0000021562e50000, 0x0000021564e50000)

Polling page: 0x000002154c980000

Metaspace:

Usage:
  Non-class:     23.71 MB used.
      Class:      2.22 MB used.
       Both:     25.94 MB used.

Virtual space:
  Non-class space:       64.00 MB reserved,      24.31 MB ( 38%) committed,  1 nodes.
      Class space:        1.00 GB reserved,       2.69 MB ( <1%) committed,  1 nodes.
             Both:        1.06 GB reserved,      27.00 MB (  2%) committed. 

Chunk freelists:
   Non-Class:  7.51 MB
       Class:  13.30 MB
        Both:  20.81 MB

MaxMetaspaceSize: unlimited
CompressedClassSpaceSize: 1.00 GB
Initial GC threshold: 21.00 MB
Current GC threshold: 35.00 MB
CDS: on
 - commit_granule_bytes: 65536.
 - commit_granule_words: 8192.
 - virtual_space_node_default_size: 8388608.
 - enlarge_chunks_in_place: 1.
 - use_allocation_guard: 0.


Internal statistics:

num_allocs_failed_limit: 3.
num_arena_births: 914.
num_arena_deaths: 16.
num_vsnodes_births: 2.
num_vsnodes_deaths: 0.
num_space_committed: 432.
num_space_uncommitted: 0.
num_chunks_returned_to_freelist: 22.
num_chunks_taken_from_freelist: 2346.
num_chunk_merges: 7.
num_chunk_splits: 1403.
num_chunks_enlarged: 733.
num_inconsistent_stats: 0.

CodeHeap 'non-profiled nmethods': size=120000Kb used=10647Kb max_used=10647Kb free=109353Kb
 bounds [0x0000021559670000, 0x000002155a0e0000, 0x0000021560ba0000]
CodeHeap 'profiled nmethods': size=120000Kb used=32582Kb max_used=32582Kb free=87418Kb
 bounds [0x0000021551ba0000, 0x0000021553b80000, 0x00000215590d0000]
CodeHeap 'non-nmethods': size=5760Kb used=1473Kb max_used=1573Kb free=4286Kb
 bounds [0x00000215590d0000, 0x0000021559340000, 0x0000021559670000]
CodeCache: size=245760Kb, used=44702Kb, max_used=44802Kb, free=201057Kb
 total_blobs=13967, nmethods=13166, adapters=704, full_count=0
Compilation: enabled, stopped_count=0, restarted_count=0

Compilation events (20 events):
Event: 35770.603 Thread 0x0000021565380430 13203       4       java.net.URI$Parser::scan (53 bytes)
Event: 35770.604 Thread 0x00000215653f2950 13204       3       org.eclipse.core.filesystem.provider.FileInfo::exists (7 bytes)
Event: 35770.605 Thread 0x00000215653f2950 nmethod 13204 0x0000021553b6af10 code [0x0000021553b6b0c0, 0x0000021553b6b220]
Event: 35770.606 Thread 0x00000215653f2950 13205       3       org.eclipse.core.internal.resources.Container::getFile (22 bytes)
Event: 35770.607 Thread 0x00000215653f2950 nmethod 13205 0x0000021553b6b310 code [0x0000021553b6b4e0, 0x0000021553b6b858]
Event: 35770.607 Thread 0x00000215653f2950 13206       1       org.eclipse.lsp4j.jsonrpc.messages.NotificationMessage::getMethod (5 bytes)
Event: 35770.607 Thread 0x00000215653f2950 nmethod 13206 0x000002155a0d4190 code [0x000002155a0d4320, 0x000002155a0d43e8]
Event: 35770.607 Thread 0x00000215653f2950 13207   !   3       sun.nio.ch.PendingIoCache::remove (89 bytes)
Event: 35770.608 Thread 0x00000215653f2950 nmethod 13207 0x0000021553b6ba10 code [0x0000021553b6bc40, 0x0000021553b6c3d8]
Event: 35770.614 Thread 0x0000021565380430 nmethod 13203 0x000002155a0d4490 code [0x000002155a0d4680, 0x000002155a0d4cd8]
Event: 35770.620 Thread 0x0000021565380430 13208       4       java.io.File::<init> (47 bytes)
Event: 35770.625 Thread 0x00000215653f2950 13209       3       org.eclipse.core.internal.localstore.FileStoreRoot::createStore (90 bytes)
Event: 35770.626 Thread 0x00000215653f2950 nmethod 13209 0x0000021553b6c790 code [0x0000021553b6caa0, 0x0000021553b6dcd8]
Event: 35770.627 Thread 0x00000215653f2950 13211       3       org.eclipse.jdt.ls.core.internal.filesystem.JLSFile::getChild (121 bytes)
Event: 35770.628 Thread 0x0000021565380430 nmethod 13208 0x000002155a0d5290 code [0x000002155a0d5460, 0x000002155a0d5858]
Event: 35770.629 Thread 0x00000215653f2950 nmethod 13211 0x0000021553b6e410 code [0x0000021553b6e800, 0x0000021553b6ff10]
Event: 35770.629 Thread 0x00000215653f2950 13210   !   3       org.eclipse.core.internal.resources.RegexFileInfoMatcher::initialize (44 bytes)
Event: 35770.629 Thread 0x00000215653f2950 nmethod 13210 0x0000021553b70890 code [0x0000021553b70aa0, 0x0000021553b710d0]
Event: 39050.123 Thread 0x00000215653f2950 13212       3       sun.security.provider.DigestBase::engineUpdate (32 bytes)
Event: 39050.125 Thread 0x00000215653f2950 nmethod 13212 0x0000021553b71310 code [0x0000021553b714c0, 0x0000021553b71728]

GC Heap History (20 events):
Event: 28407.813 GC heap before
{Heap before GC invocations=57 (full 1):
 PSYoungGen      total 12288K, used 12177K [0x00000000d5580000, 0x00000000d6580000, 0x0000000100000000)
  eden space 11776K, 100% used [0x00000000d5580000,0x00000000d6100000,0x00000000d6100000)
  from space 512K, 78% used [0x00000000d6100000,0x00000000d61645c8,0x00000000d6180000)
  to   space 1536K, 0% used [0x00000000d6400000,0x00000000d6400000,0x00000000d6580000)
 ParOldGen       total 71168K, used 70890K [0x0000000080000000, 0x0000000084580000, 0x00000000d5580000)
  object space 71168K, 99% used [0x0000000080000000,0x000000008453aa98,0x0000000084580000)
 Metaspace       used 25662K, committed 26688K, reserved 1114112K
  class space    used 2188K, committed 2560K, reserved 1048576K
}
Event: 28407.815 GC heap after
{Heap after GC invocations=57 (full 1):
 PSYoungGen      total 12288K, used 272K [0x00000000d5580000, 0x00000000d6480000, 0x0000000100000000)
  eden space 11776K, 0% used [0x00000000d5580000,0x00000000d5580000,0x00000000d6100000)
  from space 512K, 53% used [0x00000000d6400000,0x00000000d6444010,0x00000000d6480000)
  to   space 512K, 0% used [0x00000000d6100000,0x00000000d6100000,0x00000000d6180000)
 ParOldGen       total 71680K, used 71196K [0x0000000080000000, 0x0000000084600000, 0x00000000d5580000)
  object space 71680K, 99% used [0x0000000080000000,0x0000000084587070,0x0000000084600000)
 Metaspace       used 25662K, committed 26688K, reserved 1114112K
  class space    used 2188K, committed 2560K, reserved 1048576K
}
Event: 28411.132 GC heap before
{Heap before GC invocations=58 (full 1):
 PSYoungGen      total 12288K, used 12046K [0x00000000d5580000, 0x00000000d6480000, 0x0000000100000000)
  eden space 11776K, 99% used [0x00000000d5580000,0x00000000d60ff8a0,0x00000000d6100000)
  from space 512K, 53% used [0x00000000d6400000,0x00000000d6444010,0x00000000d6480000)
  to   space 512K, 0% used [0x00000000d6100000,0x00000000d6100000,0x00000000d6180000)
 ParOldGen       total 71680K, used 71196K [0x0000000080000000, 0x0000000084600000, 0x00000000d5580000)
  object space 71680K, 99% used [0x0000000080000000,0x0000000084587070,0x0000000084600000)
 Metaspace       used 25821K, committed 26880K, reserved 1114112K
  class space    used 2225K, committed 2624K, reserved 1048576K
}
Event: 28411.135 GC heap after
{Heap after GC invocations=58 (full 1):
 PSYoungGen      total 12288K, used 512K [0x00000000d5580000, 0x00000000d6480000, 0x0000000100000000)
  eden space 11776K, 0% used [0x00000000d5580000,0x00000000d5580000,0x00000000d6100000)
  from space 512K, 100% used [0x00000000d6100000,0x00000000d6180000,0x00000000d6180000)
  to   space 1024K, 0% used [0x00000000d6380000,0x00000000d6380000,0x00000000d6480000)
 ParOldGen       total 71680K, used 71380K [0x0000000080000000, 0x0000000084600000, 0x00000000d5580000)
  object space 71680K, 99% used [0x0000000080000000,0x00000000845b50a0,0x0000000084600000)
 Metaspace       used 25821K, committed 26880K, reserved 1114112K
  class space    used 2225K, committed 2624K, reserved 1048576K
}
Event: 28422.810 GC heap before
{Heap before GC invocations=59 (full 1):
 PSYoungGen      total 12288K, used 12288K [0x00000000d5580000, 0x00000000d6480000, 0x0000000100000000)
  eden space 11776K, 100% used [0x00000000d5580000,0x00000000d6100000,0x00000000d6100000)
  from space 512K, 100% used [0x00000000d6100000,0x00000000d6180000,0x00000000d6180000)
  to   space 1024K, 0% used [0x00000000d6380000,0x00000000d6380000,0x00000000d6480000)
 ParOldGen       total 71680K, used 71380K [0x0000000080000000, 0x0000000084600000, 0x00000000d5580000)
  object space 71680K, 99% used [0x0000000080000000,0x00000000845b50a0,0x0000000084600000)
 Metaspace       used 25879K, committed 26880K, reserved 1114112K
  class space    used 2229K, committed 2624K, reserved 1048576K
}
Event: 28422.813 GC heap after
{Heap after GC invocations=59 (full 1):
 PSYoungGen      total 12288K, used 192K [0x00000000d5580000, 0x00000000d6400000, 0x0000000100000000)
  eden space 11776K, 0% used [0x00000000d5580000,0x00000000d5580000,0x00000000d6100000)
  from space 512K, 37% used [0x00000000d6380000,0x00000000d63b0000,0x00000000d6400000)
  to   space 512K, 0% used [0x00000000d6100000,0x00000000d6100000,0x00000000d6180000)
 ParOldGen       total 72192K, used 71812K [0x0000000080000000, 0x0000000084680000, 0x00000000d5580000)
  object space 72192K, 99% used [0x0000000080000000,0x00000000846210a0,0x0000000084680000)
 Metaspace       used 25879K, committed 26880K, reserved 1114112K
  class space    used 2229K, committed 2624K, reserved 1048576K
}
Event: 28422.973 GC heap before
{Heap before GC invocations=60 (full 1):
 PSYoungGen      total 12288K, used 11968K [0x00000000d5580000, 0x00000000d6400000, 0x0000000100000000)
  eden space 11776K, 100% used [0x00000000d5580000,0x00000000d6100000,0x00000000d6100000)
  from space 512K, 37% used [0x00000000d6380000,0x00000000d63b0000,0x00000000d6400000)
  to   space 512K, 0% used [0x00000000d6100000,0x00000000d6100000,0x00000000d6180000)
 ParOldGen       total 72192K, used 71812K [0x0000000080000000, 0x0000000084680000, 0x00000000d5580000)
  object space 72192K, 99% used [0x0000000080000000,0x00000000846210a0,0x0000000084680000)
 Metaspace       used 25934K, committed 26944K, reserved 1114112K
  class space    used 2229K, committed 2624K, reserved 1048576K
}
Event: 28422.976 GC heap after
{Heap after GC invocations=60 (full 1):
 PSYoungGen      total 12288K, used 269K [0x00000000d5580000, 0x00000000d6400000, 0x0000000100000000)
  eden space 11776K, 0% used [0x00000000d5580000,0x00000000d5580000,0x00000000d6100000)
  from space 512K, 52% used [0x00000000d6100000,0x00000000d6143408,0x00000000d6180000)
  to   space 512K, 0% used [0x00000000d6380000,0x00000000d6380000,0x00000000d6400000)
 ParOldGen       total 72192K, used 71948K [0x0000000080000000, 0x0000000084680000, 0x00000000d5580000)
  object space 72192K, 99% used [0x0000000080000000,0x00000000846430a0,0x0000000084680000)
 Metaspace       used 25934K, committed 26944K, reserved 1114112K
  class space    used 2229K, committed 2624K, reserved 1048576K
}
Event: 29042.426 GC heap before
{Heap before GC invocations=61 (full 1):
 PSYoungGen      total 12288K, used 12045K [0x00000000d5580000, 0x00000000d6400000, 0x0000000100000000)
  eden space 11776K, 100% used [0x00000000d5580000,0x00000000d6100000,0x00000000d6100000)
  from space 512K, 52% used [0x00000000d6100000,0x00000000d6143408,0x00000000d6180000)
  to   space 512K, 0% used [0x00000000d6380000,0x00000000d6380000,0x00000000d6400000)
 ParOldGen       total 72192K, used 71948K [0x0000000080000000, 0x0000000084680000, 0x00000000d5580000)
  object space 72192K, 99% used [0x0000000080000000,0x00000000846430a0,0x0000000084680000)
 Metaspace       used 25972K, committed 26944K, reserved 1114112K
  class space    used 2229K, committed 2624K, reserved 1048576K
}
Event: 29042.429 GC heap after
{Heap after GC invocations=61 (full 1):
 PSYoungGen      total 12288K, used 397K [0x00000000d5580000, 0x00000000d6400000, 0x0000000100000000)
  eden space 11776K, 0% used [0x00000000d5580000,0x00000000d5580000,0x00000000d6100000)
  from space 512K, 77% used [0x00000000d6380000,0x00000000d63e3428,0x00000000d6400000)
  to   space 512K, 0% used [0x00000000d6100000,0x00000000d6100000,0x00000000d6180000)
 ParOldGen       total 72192K, used 71980K [0x0000000080000000, 0x0000000084680000, 0x00000000d5580000)
  object space 72192K, 99% used [0x0000000080000000,0x000000008464b0a0,0x0000000084680000)
 Metaspace       used 25972K, committed 26944K, reserved 1114112K
  class space    used 2229K, committed 2624K, reserved 1048576K
}
Event: 29047.156 GC heap before
{Heap before GC invocations=62 (full 1):
 PSYoungGen      total 12288K, used 12173K [0x00000000d5580000, 0x00000000d6400000, 0x0000000100000000)
  eden space 11776K, 100% used [0x00000000d5580000,0x00000000d6100000,0x00000000d6100000)
  from space 512K, 77% used [0x00000000d6380000,0x00000000d63e3428,0x00000000d6400000)
  to   space 512K, 0% used [0x00000000d6100000,0x00000000d6100000,0x00000000d6180000)
 ParOldGen       total 72192K, used 71980K [0x0000000080000000, 0x0000000084680000, 0x00000000d5580000)
  object space 72192K, 99% used [0x0000000080000000,0x000000008464b0a0,0x0000000084680000)
 Metaspace       used 26072K, committed 27200K, reserved 1114112K
  class space    used 2235K, committed 2688K, reserved 1048576K
}
Event: 29047.158 GC heap after
{Heap after GC invocations=62 (full 1):
 PSYoungGen      total 12288K, used 128K [0x00000000d5580000, 0x00000000d6400000, 0x0000000100000000)
  eden space 11776K, 0% used [0x00000000d5580000,0x00000000d5580000,0x00000000d6100000)
  from space 512K, 25% used [0x00000000d6100000,0x00000000d6120000,0x00000000d6180000)
  to   space 512K, 0% used [0x00000000d6380000,0x00000000d6380000,0x00000000d6400000)
 ParOldGen       total 72192K, used 72100K [0x0000000080000000, 0x0000000084680000, 0x00000000d5580000)
  object space 72192K, 99% used [0x0000000080000000,0x00000000846690c0,0x0000000084680000)
 Metaspace       used 26072K, committed 27200K, reserved 1114112K
  class space    used 2235K, committed 2688K, reserved 1048576K
}
Event: 29048.064 GC heap before
{Heap before GC invocations=63 (full 1):
 PSYoungGen      total 12288K, used 11904K [0x00000000d5580000, 0x00000000d6400000, 0x0000000100000000)
  eden space 11776K, 100% used [0x00000000d5580000,0x00000000d6100000,0x00000000d6100000)
  from space 512K, 25% used [0x00000000d6100000,0x00000000d6120000,0x00000000d6180000)
  to   space 512K, 0% used [0x00000000d6380000,0x00000000d6380000,0x00000000d6400000)
 ParOldGen       total 72192K, used 72100K [0x0000000080000000, 0x0000000084680000, 0x00000000d5580000)
  object space 72192K, 99% used [0x0000000080000000,0x00000000846690c0,0x0000000084680000)
 Metaspace       used 26230K, committed 27392K, reserved 1114112K
  class space    used 2256K, committed 2752K, reserved 1048576K
}
Event: 29048.069 GC heap after
{Heap after GC invocations=63 (full 1):
 PSYoungGen      total 12288K, used 501K [0x00000000d5580000, 0x00000000d6600000, 0x0000000100000000)
  eden space 11776K, 0% used [0x00000000d5580000,0x00000000d5580000,0x00000000d6100000)
  from space 512K, 98% used [0x00000000d6380000,0x00000000d63fd790,0x00000000d6400000)
  to   space 2560K, 0% used [0x00000000d6100000,0x00000000d6100000,0x00000000d6380000)
 ParOldGen       total 74240K, used 73797K [0x0000000080000000, 0x0000000084880000, 0x00000000d5580000)
  object space 74240K, 99% used [0x0000000080000000,0x0000000084811580,0x0000000084880000)
 Metaspace       used 26230K, committed 27392K, reserved 1114112K
  class space    used 2256K, committed 2752K, reserved 1048576K
}
Event: 31177.679 GC heap before
{Heap before GC invocations=64 (full 1):
 PSYoungGen      total 12288K, used 12277K [0x00000000d5580000, 0x00000000d6600000, 0x0000000100000000)
  eden space 11776K, 99% used [0x00000000d5580000,0x00000000d60ffff0,0x00000000d6100000)
  from space 512K, 98% used [0x00000000d6380000,0x00000000d63fd790,0x00000000d6400000)
  to   space 2560K, 0% used [0x00000000d6100000,0x00000000d6100000,0x00000000d6380000)
 ParOldGen       total 74240K, used 73797K [0x0000000080000000, 0x0000000084880000, 0x00000000d5580000)
  object space 74240K, 99% used [0x0000000080000000,0x0000000084811580,0x0000000084880000)
 Metaspace       used 26455K, committed 27584K, reserved 1114112K
  class space    used 2274K, committed 2752K, reserved 1048576K
}
Event: 31177.694 GC heap after
{Heap after GC invocations=64 (full 1):
 PSYoungGen      total 13312K, used 1408K [0x00000000d5580000, 0x00000000d6500000, 0x0000000100000000)
  eden space 11776K, 0% used [0x00000000d5580000,0x00000000d5580000,0x00000000d6100000)
  from space 1536K, 91% used [0x00000000d6100000,0x00000000d6260020,0x00000000d6280000)
  to   space 2048K, 0% used [0x00000000d6300000,0x00000000d6300000,0x00000000d6500000)
 ParOldGen       total 74240K, used 74185K [0x0000000080000000, 0x0000000084880000, 0x00000000d5580000)
  object space 74240K, 99% used [0x0000000080000000,0x00000000848724f0,0x0000000084880000)
 Metaspace       used 26455K, committed 27584K, reserved 1114112K
  class space    used 2274K, committed 2752K, reserved 1048576K
}
Event: 35770.026 GC heap before
{Heap before GC invocations=65 (full 1):
 PSYoungGen      total 13312K, used 13184K [0x00000000d5580000, 0x00000000d6500000, 0x0000000100000000)
  eden space 11776K, 100% used [0x00000000d5580000,0x00000000d6100000,0x00000000d6100000)
  from space 1536K, 91% used [0x00000000d6100000,0x00000000d6260020,0x00000000d6280000)
  to   space 2048K, 0% used [0x00000000d6300000,0x00000000d6300000,0x00000000d6500000)
 ParOldGen       total 74240K, used 74185K [0x0000000080000000, 0x0000000084880000, 0x00000000d5580000)
  object space 74240K, 99% used [0x0000000080000000,0x00000000848724f0,0x0000000084880000)
 Metaspace       used 26498K, committed 27584K, reserved 1114112K
  class space    used 2274K, committed 2752K, reserved 1048576K
}
Event: 35770.042 GC heap after
{Heap after GC invocations=65 (full 1):
 PSYoungGen      total 12288K, used 128K [0x00000000d5580000, 0x00000000d6380000, 0x0000000100000000)
  eden space 11776K, 0% used [0x00000000d5580000,0x00000000d5580000,0x00000000d6100000)
  from space 512K, 25% used [0x00000000d6300000,0x00000000d6320000,0x00000000d6380000)
  to   space 1024K, 0% used [0x00000000d6180000,0x00000000d6180000,0x00000000d6280000)
 ParOldGen       total 75776K, used 75549K [0x0000000080000000, 0x0000000084a00000, 0x00000000d5580000)
  object space 75776K, 99% used [0x0000000080000000,0x00000000849c7530,0x0000000084a00000)
 Metaspace       used 26498K, committed 27584K, reserved 1114112K
  class space    used 2274K, committed 2752K, reserved 1048576K
}
Event: 35770.259 GC heap before
{Heap before GC invocations=66 (full 1):
 PSYoungGen      total 12288K, used 11904K [0x00000000d5580000, 0x00000000d6380000, 0x0000000100000000)
  eden space 11776K, 100% used [0x00000000d5580000,0x00000000d6100000,0x00000000d6100000)
  from space 512K, 25% used [0x00000000d6300000,0x00000000d6320000,0x00000000d6380000)
  to   space 1024K, 0% used [0x00000000d6180000,0x00000000d6180000,0x00000000d6280000)
 ParOldGen       total 75776K, used 75549K [0x0000000080000000, 0x0000000084a00000, 0x00000000d5580000)
  object space 75776K, 99% used [0x0000000080000000,0x00000000849c7530,0x0000000084a00000)
 Metaspace       used 26527K, committed 27648K, reserved 1114112K
  class space    used 2274K, committed 2752K, reserved 1048576K
}
Event: 35770.262 GC heap after
{Heap after GC invocations=66 (full 1):
 PSYoungGen      total 12800K, used 397K [0x00000000d5580000, 0x00000000d6380000, 0x0000000100000000)
  eden space 11776K, 0% used [0x00000000d5580000,0x00000000d5580000,0x00000000d6100000)
  from space 1024K, 38% used [0x00000000d6180000,0x00000000d61e3428,0x00000000d6280000)
  to   space 512K, 0% used [0x00000000d6300000,0x00000000d6300000,0x00000000d6380000)
 ParOldGen       total 75776K, used 75589K [0x0000000080000000, 0x0000000084a00000, 0x00000000d5580000)
  object space 75776K, 99% used [0x0000000080000000,0x00000000849d1530,0x0000000084a00000)
 Metaspace       used 26527K, committed 27648K, reserved 1114112K
  class space    used 2274K, committed 2752K, reserved 1048576K
}

Dll operation events (11 events):
Event: 0.018 Loaded shared library c:\Users\rayve\.vscode\extensions\redhat.java-1.55.2026051309-win32-x64\jre\21.0.10-win32-x86_64\bin\java.dll
Event: 0.918 Loaded shared library c:\Users\rayve\.vscode\extensions\redhat.java-1.55.2026051309-win32-x64\jre\21.0.10-win32-x86_64\bin\zip.dll
Event: 0.923 Loaded shared library C:\Users\rayve\.vscode\extensions\redhat.java-1.55.2026051309-win32-x64\jre\21.0.10-win32-x86_64\bin\instrument.dll
Event: 0.931 Loaded shared library C:\Users\rayve\.vscode\extensions\redhat.java-1.55.2026051309-win32-x64\jre\21.0.10-win32-x86_64\bin\net.dll
Event: 0.934 Loaded shared library C:\Users\rayve\.vscode\extensions\redhat.java-1.55.2026051309-win32-x64\jre\21.0.10-win32-x86_64\bin\nio.dll
Event: 0.940 Loaded shared library C:\Users\rayve\.vscode\extensions\redhat.java-1.55.2026051309-win32-x64\jre\21.0.10-win32-x86_64\bin\zip.dll
Event: 1.049 Loaded shared library C:\Users\rayve\.vscode\extensions\redhat.java-1.55.2026051309-win32-x64\jre\21.0.10-win32-x86_64\bin\jimage.dll
Event: 1.388 Loaded shared library c:\Users\rayve\.vscode\extensions\redhat.java-1.55.2026051309-win32-x64\jre\21.0.10-win32-x86_64\bin\verify.dll
Event: 19.391 Loaded shared library C:\Users\rayve\AppData\Roaming\Code\User\globalStorage\redhat.java\1.55.2026051309\config_win\org.eclipse.equinox.launcher\org.eclipse.equinox.launcher.win32.win32.x86_64_1.3.0.v20260203-2149\eclipse_11919.dll
Event: 64.301 Loaded shared library C:\Users\rayve\AppData\Local\Temp\jna-108291161\jna3288807730352139430.dll
Event: 28407.233 Loaded shared library C:\Users\rayve\.vscode\extensions\redhat.java-1.55.2026051309-win32-x64\jre\21.0.10-win32-x86_64\bin\extnet.dll

Deoptimization events (20 events):
Event: 35552.570 Thread 0x000002156ccf5040 DEOPT PACKING pc=0x000002155a018690 sp=0x00000020215fe720
Event: 35552.570 Thread 0x000002156ccf5040 DEOPT UNPACKING pc=0x0000021559123aa2 sp=0x00000020215fe6b0 mode 2
Event: 35552.570 Thread 0x000002156ccf5040 Uncommon trap: trap_request=0xffffffc6 fr.pc=0x000002155a0186a8 relative=0x0000000000000588
Event: 35552.570 Thread 0x000002156ccf5040 Uncommon trap: reason=bimorphic_or_optimized_type_check action=maybe_recompile pc=0x000002155a0186a8 method=org.eclipse.jdt.internal.compiler.parser.Parser.consumeRule(I)V @ 4993 c2
Event: 35552.570 Thread 0x000002156ccf5040 DEOPT PACKING pc=0x000002155a0186a8 sp=0x00000020215fe720
Event: 35552.570 Thread 0x000002156ccf5040 DEOPT UNPACKING pc=0x0000021559123aa2 sp=0x00000020215fe6b0 mode 2
Event: 35552.576 Thread 0x000002156ccf5040 Uncommon trap: trap_request=0xffffffc6 fr.pc=0x000002155a018690 relative=0x0000000000000570
Event: 35552.576 Thread 0x000002156ccf5040 Uncommon trap: reason=bimorphic_or_optimized_type_check action=maybe_recompile pc=0x000002155a018690 method=org.eclipse.jdt.internal.compiler.parser.Parser.consumeRule(I)V @ 5000 c2
Event: 35552.576 Thread 0x000002156ccf5040 DEOPT PACKING pc=0x000002155a018690 sp=0x00000020215fe720
Event: 35552.576 Thread 0x000002156ccf5040 DEOPT UNPACKING pc=0x0000021559123aa2 sp=0x00000020215fe6b0 mode 2
Event: 35552.576 Thread 0x000002156ccf5040 Uncommon trap: trap_request=0xffffffc6 fr.pc=0x000002155a0186a8 relative=0x0000000000000588
Event: 35552.576 Thread 0x000002156ccf5040 Uncommon trap: reason=bimorphic_or_optimized_type_check action=maybe_recompile pc=0x000002155a0186a8 method=org.eclipse.jdt.internal.compiler.parser.Parser.consumeRule(I)V @ 4993 c2
Event: 35552.576 Thread 0x000002156ccf5040 DEOPT PACKING pc=0x000002155a0186a8 sp=0x00000020215fe720
Event: 35552.576 Thread 0x000002156ccf5040 DEOPT UNPACKING pc=0x0000021559123aa2 sp=0x00000020215fe6b0 mode 2
Event: 35552.576 Thread 0x000002156ccf5040 Uncommon trap: trap_request=0xffffffde fr.pc=0x0000021559e85084 relative=0x0000000000001024
Event: 35552.576 Thread 0x000002156ccf5040 Uncommon trap: reason=class_check action=maybe_recompile pc=0x0000021559e85084 method=org.eclipse.jdt.internal.compiler.parser.Parser.consumeToken(Lorg/eclipse/jdt/internal/compiler/parser/TerminalToken;)V @ 1302 c2
Event: 35552.576 Thread 0x000002156ccf5040 DEOPT PACKING pc=0x0000021559e85084 sp=0x00000020215fe5a0
Event: 35552.576 Thread 0x000002156ccf5040 DEOPT UNPACKING pc=0x0000021559123aa2 sp=0x00000020215fe560 mode 2
Event: 35769.908 Thread 0x000002156ccf84c0 DEOPT PACKING pc=0x000002155252245b sp=0x00000020215fe6c0
Event: 35769.908 Thread 0x000002156ccf84c0 DEOPT UNPACKING pc=0x0000021559124242 sp=0x00000020215fdb48 mode 0

Classes loaded (20 events):
Event: 70.259 Loading class com/sun/org/apache/xerces/internal/impl/msg/XMLMessages_en_US
Event: 70.259 Loading class com/sun/org/apache/xerces/internal/impl/msg/XMLMessages_en_US done
Event: 75.014 Loading class com/sun/org/apache/xml/internal/serializer/XMLEntities
Event: 75.014 Loading class com/sun/org/apache/xml/internal/serializer/XMLEntities done
Event: 75.014 Loading class com/sun/org/apache/xml/internal/serializer/XMLEntities
Event: 75.014 Loading class com/sun/org/apache/xml/internal/serializer/XMLEntities done
Event: 75.016 Loading class com/sun/org/apache/xml/internal/serializer/XMLEntities_en
Event: 75.016 Loading class com/sun/org/apache/xml/internal/serializer/XMLEntities_en done
Event: 75.016 Loading class com/sun/org/apache/xml/internal/serializer/XMLEntities_en
Event: 75.016 Loading class com/sun/org/apache/xml/internal/serializer/XMLEntities_en done
Event: 75.016 Loading class com/sun/org/apache/xml/internal/serializer/XMLEntities_en_US
Event: 75.016 Loading class com/sun/org/apache/xml/internal/serializer/XMLEntities_en_US done
Event: 75.016 Loading class com/sun/org/apache/xml/internal/serializer/XMLEntities_en_US
Event: 75.016 Loading class com/sun/org/apache/xml/internal/serializer/XMLEntities_en_US done
Event: 76.445 Loading class jdk/internal/event/ThreadSleepEvent
Event: 76.445 Loading class jdk/internal/event/ThreadSleepEvent done
Event: 103.514 Loading class java/lang/invoke/MethodHandleImpl$CountingWrapper$1
Event: 103.514 Loading class java/lang/invoke/MethodHandleImpl$CountingWrapper$1 done
Event: 28407.940 Loading class java/nio/file/TempFileHelper
Event: 28407.941 Loading class java/nio/file/TempFileHelper done

Classes unloaded (8 events):
Event: 104.356 Thread 0x000002154ea50190 Unloading class 0x000002150623c400 'java/lang/invoke/LambdaForm$MH+0x000002150623c400'
Event: 104.356 Thread 0x000002154ea50190 Unloading class 0x0000021506148400 'java/lang/invoke/LambdaForm$MH+0x0000021506148400'
Event: 104.356 Thread 0x000002154ea50190 Unloading class 0x0000021506147c00 'java/lang/invoke/LambdaForm$MH+0x0000021506147c00'
Event: 104.356 Thread 0x000002154ea50190 Unloading class 0x0000021506147000 'java/lang/invoke/LambdaForm$MH+0x0000021506147000'
Event: 104.356 Thread 0x000002154ea50190 Unloading class 0x00000215060e6c00 'java/lang/invoke/LambdaForm$MH+0x00000215060e6c00'
Event: 104.356 Thread 0x000002154ea50190 Unloading class 0x00000215060e6800 'java/lang/invoke/LambdaForm$MH+0x00000215060e6800'
Event: 104.356 Thread 0x000002154ea50190 Unloading class 0x00000215060e6400 'java/lang/invoke/LambdaForm$MH+0x00000215060e6400'
Event: 104.356 Thread 0x000002154ea50190 Unloading class 0x00000215060e6000 'java/lang/invoke/LambdaForm$MH+0x00000215060e6000'

Classes redefined (0 events):
No events

Internal exceptions (20 events):
Event: 28402.443 Thread 0x000002156ba51440 Exception <a 'java/lang/IncompatibleClassChangeError'{0x00000000d5c65f88}: Found class java.lang.Object, but interface was expected> (0x00000000d5c65f88) 
thrown [s\src\hotspot\share\interpreter\linkResolver.cpp, line 840]
Event: 28402.655 Thread 0x000002156ba548c0 Implicit null exception at 0x0000021559e5895a to 0x0000021559e58bc8
Event: 28402.827 Thread 0x000002156ba51440 Exception <a 'java/lang/IncompatibleClassChangeError'{0x00000000d5fad958}: Found class java.lang.Object, but interface was expected> (0x00000000d5fad958) 
thrown [s\src\hotspot\share\interpreter\linkResolver.cpp, line 840]
Event: 28403.952 Thread 0x000002156ba555e0 Implicit null exception at 0x0000021559ea7722 to 0x0000021559eaa0fb
Event: 28407.080 Thread 0x000002156ba555e0 Exception <a 'sun/nio/fs/WindowsException'{0x00000000d5944858}> (0x00000000d5944858) 
thrown [s\src\hotspot\share\prims\jni.cpp, line 520]
Event: 28407.080 Thread 0x000002156ba555e0 Exception <a 'sun/nio/fs/WindowsException'{0x00000000d5944f70}> (0x00000000d5944f70) 
thrown [s\src\hotspot\share\prims\jni.cpp, line 520]
Event: 28407.081 Thread 0x000002156ba555e0 Exception <a 'sun/nio/fs/WindowsException'{0x00000000d5945e80}> (0x00000000d5945e80) 
thrown [s\src\hotspot\share\prims\jni.cpp, line 520]
Event: 28407.081 Thread 0x000002156ba555e0 Exception <a 'sun/nio/fs/WindowsException'{0x00000000d5946848}> (0x00000000d5946848) 
thrown [s\src\hotspot\share\prims\jni.cpp, line 520]
Event: 28407.083 Thread 0x000002156ba555e0 Exception <a 'sun/nio/fs/WindowsException'{0x00000000d5949150}> (0x00000000d5949150) 
thrown [s\src\hotspot\share\prims\jni.cpp, line 520]
Event: 28407.083 Thread 0x000002156ba555e0 Exception <a 'sun/nio/fs/WindowsException'{0x00000000d5949868}> (0x00000000d5949868) 
thrown [s\src\hotspot\share\prims\jni.cpp, line 520]
Event: 28407.083 Thread 0x000002156ba555e0 Exception <a 'sun/nio/fs/WindowsException'{0x00000000d594a9a0}> (0x00000000d594a9a0) 
thrown [s\src\hotspot\share\prims\jni.cpp, line 520]
Event: 28407.083 Thread 0x000002156ba555e0 Exception <a 'sun/nio/fs/WindowsException'{0x00000000d594b0b8}> (0x00000000d594b0b8) 
thrown [s\src\hotspot\share\prims\jni.cpp, line 520]
Event: 28407.431 Thread 0x00000215668d0360 Exception <a 'java/io/FileNotFoundException'{0x00000000d5d1d018}> (0x00000000d5d1d018) 
thrown [s\src\hotspot\share\prims\jni.cpp, line 520]
Event: 28407.944 Thread 0x000002156ccf63f0 Exception <a 'sun/nio/fs/WindowsException'{0x00000000d5950780}> (0x00000000d5950780) 
thrown [s\src\hotspot\share\prims\jni.cpp, line 520]
Event: 28407.944 Thread 0x000002156ccf63f0 Exception <a 'sun/nio/fs/WindowsException'{0x00000000d5951780}> (0x00000000d5951780) 
thrown [s\src\hotspot\share\prims\jni.cpp, line 520]
Event: 28407.972 Thread 0x000002156ccf63f0 Exception <a 'java/io/FileNotFoundException'{0x00000000d5a2ad10}> (0x00000000d5a2ad10) 
thrown [s\src\hotspot\share\prims\jni.cpp, line 520]
Event: 28407.973 Thread 0x000002156ccf63f0 Exception <a 'java/io/FileNotFoundException'{0x00000000d5a2bd38}> (0x00000000d5a2bd38) 
thrown [s\src\hotspot\share\prims\jni.cpp, line 520]
Event: 28409.212 Thread 0x000002156ccf6a80 Exception <a 'java/lang/NoSuchMethodError'{0x00000000d5b49df8}: 'void java.lang.invoke.DelegatingMethodHandle$Holder.reinvoke_L(java.lang.Object, java.lang.Object, long)'> (0x00000000d5b49df8) 
thrown [s\src\hotspot\share\interpreter\linkResolver.cpp, line 773]
Event: 28421.503 Thread 0x000002156ccf7110 Exception <a 'java/lang/InterruptedException'{0x00000000d55b8790}> (0x00000000d55b8790) 
thrown [s\src\hotspot\share\runtime\objectMonitor.cpp, line 1625]
Event: 29047.276 Thread 0x000002156ccf8b50 Implicit null exception at 0x0000021559f87017 to 0x0000021559f870a1

ZGC Phase Switch (0 events):
No events

VM Operations (20 events):
Event: 41563.988 Executing non-safepoint VM operation: HandshakeAllThreads (HandshakeForDeflation)
Event: 41563.988 Executing non-safepoint VM operation: HandshakeAllThreads (HandshakeForDeflation) done
Event: 41563.988 Executing non-safepoint VM operation: RendezvousGCThreads
Event: 41563.988 Executing non-safepoint VM operation: RendezvousGCThreads done
Event: 41684.366 Executing non-safepoint VM operation: HandshakeAllThreads (HandshakeForDeflation)
Event: 41684.366 Executing non-safepoint VM operation: HandshakeAllThreads (HandshakeForDeflation) done
Event: 41684.366 Executing non-safepoint VM operation: RendezvousGCThreads
Event: 41684.366 Executing non-safepoint VM operation: RendezvousGCThreads done
Event: 41864.891 Executing non-safepoint VM operation: HandshakeAllThreads (HandshakeForDeflation)
Event: 41864.891 Executing non-safepoint VM operation: HandshakeAllThreads (HandshakeForDeflation) done
Event: 41864.891 Executing non-safepoint VM operation: RendezvousGCThreads
Event: 41864.891 Executing non-safepoint VM operation: RendezvousGCThreads done
Event: 41985.192 Executing non-safepoint VM operation: HandshakeAllThreads (HandshakeForDeflation)
Event: 41985.192 Executing non-safepoint VM operation: HandshakeAllThreads (HandshakeForDeflation) done
Event: 41985.193 Executing non-safepoint VM operation: RendezvousGCThreads
Event: 41985.193 Executing non-safepoint VM operation: RendezvousGCThreads done
Event: 42045.349 Executing non-safepoint VM operation: HandshakeAllThreads (HandshakeForDeflation)
Event: 42045.350 Executing non-safepoint VM operation: HandshakeAllThreads (HandshakeForDeflation) done
Event: 42045.350 Executing non-safepoint VM operation: RendezvousGCThreads
Event: 42045.350 Executing non-safepoint VM operation: RendezvousGCThreads done

Memory protections (0 events):
No events

Nmethod flushes (0 events):
No events

Events (20 events):
Event: 28543.003 Thread 0x000002156ba555e0 Thread exited: 0x000002156ba555e0
Event: 28603.006 Thread 0x000002156ba54230 Thread exited: 0x000002156ba54230
Event: 29041.831 Thread 0x000002156ba51440 Thread added: 0x000002156ccf8b50
Event: 29041.872 Thread 0x000002156ccf8b50 Thread added: 0x000002156ccf77a0
Event: 29042.212 Thread 0x0000021565380430 Thread added: 0x000002156bddd5a0
Event: 29042.412 Thread 0x000002156bddd5a0 Thread exited: 0x000002156bddd5a0
Event: 29047.461 Thread 0x00000215653f2950 Thread added: 0x000002156bddfe80
Event: 29053.712 Thread 0x000002156bddfe80 Thread exited: 0x000002156bddfe80
Event: 29124.442 Thread 0x000002156ccf8b50 Thread exited: 0x000002156ccf8b50
Event: 29184.446 Thread 0x000002156ccf77a0 Thread exited: 0x000002156ccf77a0
Event: 35551.667 Thread 0x000002156ba51440 Thread added: 0x000002156ccf5040
Event: 35551.833 Thread 0x00000215653f2950 Thread added: 0x000002156bde12f0
Event: 35553.372 Thread 0x000002156bde12f0 Thread exited: 0x000002156bde12f0
Event: 35612.606 Thread 0x000002156ccf5040 Thread exited: 0x000002156ccf5040
Event: 35769.875 Thread 0x000002156ba51440 Thread added: 0x000002156ccf84c0
Event: 35769.879 Thread 0x000002156ccf84c0 Thread added: 0x000002156ccf8b50
Event: 35769.904 Thread 0x00000215653f2950 Thread added: 0x000002156bde2760
Event: 35770.208 Thread 0x000002156bde2760 Thread exited: 0x000002156bde2760
Event: 35830.334 Thread 0x000002156ccf84c0 Thread exited: 0x000002156ccf84c0
Event: 35890.345 Thread 0x000002156ccf8b50 Thread exited: 0x000002156ccf8b50


Dynamic libraries:
0x00007ff6fb4d0000 - 0x00007ff6fb4de000 	c:\Users\rayve\.vscode\extensions\redhat.java-1.55.2026051309-win32-x64\jre\21.0.10-win32-x86_64\bin\java.exe
0x00007ffd38cf0000 - 0x00007ffd38ee9000 	C:\Windows\SYSTEM32\ntdll.dll
0x00007ffd37210000 - 0x00007ffd372d2000 	C:\Windows\System32\KERNEL32.DLL
0x00007ffd369a0000 - 0x00007ffd36c97000 	C:\Windows\System32\KERNELBASE.dll
0x00007ffd36630000 - 0x00007ffd36730000 	C:\Windows\System32\ucrtbase.dll
0x00007ffd2eb00000 - 0x00007ffd2eb18000 	c:\Users\rayve\.vscode\extensions\redhat.java-1.55.2026051309-win32-x64\jre\21.0.10-win32-x86_64\bin\jli.dll
0x00007ffd37340000 - 0x00007ffd374dd000 	C:\Windows\System32\USER32.dll
0x00007ffd36600000 - 0x00007ffd36622000 	C:\Windows\System32\win32u.dll
0x00007ffd385f0000 - 0x00007ffd3861b000 	C:\Windows\System32\GDI32.dll
0x00007ffd36880000 - 0x00007ffd3699a000 	C:\Windows\System32\gdi32full.dll
0x00007ffd367b0000 - 0x00007ffd3684d000 	C:\Windows\System32\msvcp_win.dll
0x00007ffd2e7b0000 - 0x00007ffd2e7ce000 	c:\Users\rayve\.vscode\extensions\redhat.java-1.55.2026051309-win32-x64\jre\21.0.10-win32-x86_64\bin\VCRUNTIME140.dll
0x00007ffd20a90000 - 0x00007ffd20d2b000 	C:\Windows\WinSxS\amd64_microsoft.windows.common-controls_6595b64144ccf1df_6.0.19041.6926_none_60b5a53971f8f7e6\COMCTL32.dll
0x00007ffd37fd0000 - 0x00007ffd3806e000 	C:\Windows\System32\msvcrt.dll
0x00007ffd38090000 - 0x00007ffd380bf000 	C:\Windows\System32\IMM32.DLL
0x00007ffd2eae0000 - 0x00007ffd2eaec000 	c:\Users\rayve\.vscode\extensions\redhat.java-1.55.2026051309-win32-x64\jre\21.0.10-win32-x86_64\bin\vcruntime140_1.dll
0x00007ffd10750000 - 0x00007ffd107dd000 	c:\Users\rayve\.vscode\extensions\redhat.java-1.55.2026051309-win32-x64\jre\21.0.10-win32-x86_64\bin\msvcp140.dll
0x00007ffce3ee0000 - 0x00007ffce4c81000 	c:\Users\rayve\.vscode\extensions\redhat.java-1.55.2026051309-win32-x64\jre\21.0.10-win32-x86_64\bin\server\jvm.dll
0x00007ffd387a0000 - 0x00007ffd38851000 	C:\Windows\System32\ADVAPI32.dll
0x00007ffd38700000 - 0x00007ffd3879f000 	C:\Windows\System32\sechost.dll
0x00007ffd38b20000 - 0x00007ffd38c46000 	C:\Windows\System32\RPCRT4.dll
0x00007ffd36850000 - 0x00007ffd36877000 	C:\Windows\System32\bcrypt.dll
0x00007ffd37f60000 - 0x00007ffd37fcb000 	C:\Windows\System32\WS2_32.dll
0x00007ffd361b0000 - 0x00007ffd361fb000 	C:\Windows\SYSTEM32\POWRPROF.dll
0x00007ffd20e10000 - 0x00007ffd20e37000 	C:\Windows\SYSTEM32\WINMM.dll
0x00007ffd2f0c0000 - 0x00007ffd2f0ca000 	C:\Windows\SYSTEM32\VERSION.dll
0x00007ffd36180000 - 0x00007ffd36192000 	C:\Windows\SYSTEM32\UMPDC.dll
0x00007ffd34b70000 - 0x00007ffd34b82000 	C:\Windows\SYSTEM32\kernel.appcore.dll
0x00007ffd2ead0000 - 0x00007ffd2eada000 	c:\Users\rayve\.vscode\extensions\redhat.java-1.55.2026051309-win32-x64\jre\21.0.10-win32-x86_64\bin\jimage.dll
0x00007ffd21810000 - 0x00007ffd21a11000 	C:\Windows\SYSTEM32\DBGHELP.DLL
0x00007ffd11050000 - 0x00007ffd11084000 	C:\Windows\SYSTEM32\dbgcore.DLL
0x00007ffd364c0000 - 0x00007ffd36542000 	C:\Windows\System32\bcryptPrimitives.dll
0x00007ffd2eac0000 - 0x00007ffd2eacf000 	c:\Users\rayve\.vscode\extensions\redhat.java-1.55.2026051309-win32-x64\jre\21.0.10-win32-x86_64\bin\instrument.dll
0x00007ffd2eaa0000 - 0x00007ffd2eac0000 	c:\Users\rayve\.vscode\extensions\redhat.java-1.55.2026051309-win32-x64\jre\21.0.10-win32-x86_64\bin\java.dll
0x00007ffd376b0000 - 0x00007ffd37e21000 	C:\Windows\System32\SHELL32.dll
0x00007ffd343b0000 - 0x00007ffd34b56000 	C:\Windows\SYSTEM32\windows.storage.dll
0x00007ffd38270000 - 0x00007ffd385c3000 	C:\Windows\System32\combase.dll
0x00007ffd35cb0000 - 0x00007ffd35cdb000 	C:\Windows\SYSTEM32\Wldp.dll
0x00007ffd38620000 - 0x00007ffd386f6000 	C:\Windows\System32\OLEAUT32.dll
0x00007ffd38860000 - 0x00007ffd3890d000 	C:\Windows\System32\SHCORE.dll
0x00007ffd372e0000 - 0x00007ffd3733b000 	C:\Windows\System32\shlwapi.dll
0x00007ffd36290000 - 0x00007ffd362b4000 	C:\Windows\SYSTEM32\profapi.dll
0x00007ffd10730000 - 0x00007ffd10748000 	c:\Users\rayve\.vscode\extensions\redhat.java-1.55.2026051309-win32-x64\jre\21.0.10-win32-x86_64\bin\zip.dll
0x00007ffd2d150000 - 0x00007ffd2d160000 	C:\Users\rayve\.vscode\extensions\redhat.java-1.55.2026051309-win32-x64\jre\21.0.10-win32-x86_64\bin\net.dll
0x00007ffd2e690000 - 0x00007ffd2e79a000 	C:\Windows\SYSTEM32\WINHTTP.dll
0x00007ffd359e0000 - 0x00007ffd35a4a000 	C:\Windows\system32\mswsock.dll
0x00007ffd10710000 - 0x00007ffd10726000 	C:\Users\rayve\.vscode\extensions\redhat.java-1.55.2026051309-win32-x64\jre\21.0.10-win32-x86_64\bin\nio.dll
0x00007ffd2eaf0000 - 0x00007ffd2eb00000 	c:\Users\rayve\.vscode\extensions\redhat.java-1.55.2026051309-win32-x64\jre\21.0.10-win32-x86_64\bin\verify.dll
0x00007ffd07280000 - 0x00007ffd072c5000 	C:\Users\rayve\AppData\Roaming\Code\User\globalStorage\redhat.java\1.55.2026051309\config_win\org.eclipse.equinox.launcher\org.eclipse.equinox.launcher.win32.win32.x86_64_1.3.0.v20260203-2149\eclipse_11919.dll
0x00007ffd37e30000 - 0x00007ffd37f5b000 	C:\Windows\System32\ole32.dll
0x00007ffd35c10000 - 0x00007ffd35c28000 	C:\Windows\SYSTEM32\CRYPTSP.dll
0x00007ffd35300000 - 0x00007ffd35338000 	C:\Windows\system32\rsaenh.dll
0x00007ffd36240000 - 0x00007ffd3626e000 	C:\Windows\SYSTEM32\USERENV.dll
0x00007ffd35c00000 - 0x00007ffd35c0c000 	C:\Windows\SYSTEM32\CRYPTBASE.dll
0x00007ffd356c0000 - 0x00007ffd356fb000 	C:\Windows\SYSTEM32\IPHLPAPI.DLL
0x00007ffd38b10000 - 0x00007ffd38b18000 	C:\Windows\System32\NSI.dll
0x00007ffcfad30000 - 0x00007ffcfad79000 	C:\Users\rayve\AppData\Local\Temp\jna-108291161\jna3288807730352139430.dll
0x00007ffd38080000 - 0x00007ffd38088000 	C:\Windows\System32\PSAPI.DLL
0x00007ffd2d110000 - 0x00007ffd2d127000 	C:\Windows\SYSTEM32\dhcpcsvc6.DLL
0x00007ffd2d660000 - 0x00007ffd2d67d000 	C:\Windows\SYSTEM32\dhcpcsvc.DLL
0x00007ffd302c0000 - 0x00007ffd302c9000 	C:\Users\rayve\.vscode\extensions\redhat.java-1.55.2026051309-win32-x64\jre\21.0.10-win32-x86_64\bin\extnet.dll

JVMTI agents:
c:\Users\rayve\.vscode\extensions\redhat.java-1.55.2026051309-win32-x64\lombok\lombok-1.18.39-4050.jar path:c:\Users\rayve\.vscode\extensions\redhat.java-1.55.2026051309-win32-x64\jre\21.0.10-win32-x86_64\bin\instrument.dll, loaded, initialized, instrumentlib options:none

dbghelp: loaded successfully - version: 4.0.5 - missing functions: none
symbol engine: initialized successfully - sym options: 0x614 - pdb path: .;c:\Users\rayve\.vscode\extensions\redhat.java-1.55.2026051309-win32-x64\jre\21.0.10-win32-x86_64\bin;C:\Windows\SYSTEM32;C:\Windows\WinSxS\amd64_microsoft.windows.common-controls_6595b64144ccf1df_6.0.19041.6926_none_60b5a53971f8f7e6;c:\Users\rayve\.vscode\extensions\redhat.java-1.55.2026051309-win32-x64\jre\21.0.10-win32-x86_64\bin\server;C:\Users\rayve\AppData\Roaming\Code\User\globalStorage\redhat.java\1.55.2026051309\config_win\org.eclipse.equinox.launcher\org.eclipse.equinox.launcher.win32.win32.x86_64_1.3.0.v20260203-2149;C:\Users\rayve\AppData\Local\Temp\jna-108291161

VM Arguments:
jvm_args: --add-modules=ALL-SYSTEM --add-opens=java.base/java.util=ALL-UNNAMED --add-opens=java.base/java.lang=ALL-UNNAMED --add-opens=java.base/sun.nio.fs=ALL-UNNAMED -Declipse.application=org.eclipse.jdt.ls.core.id1 -Dosgi.bundles.defaultStartLevel=4 -Declipse.product=org.eclipse.jdt.ls.core.product -Djava.import.generatesMetadataFilesAtProjectRoot=false -DDetectVMInstallationsJob.disabled=true -Dfile.encoding=utf8 -XX:+UseParallelGC -XX:GCTimeRatio=4 -XX:AdaptiveSizePolicyWeight=90 -Dsun.zip.disableMemoryMapping=true -Xmx2G -Xms100m -Xlog:disable -javaagent:c:\Users\rayve\.vscode\extensions\redhat.java-1.55.2026051309-win32-x64\lombok\lombok-1.18.39-4050.jar -XX:+HeapDumpOnOutOfMemoryError -XX:HeapDumpPath=c:\Users\rayve\AppData\Roaming\Code\User\workspaceStorage\792740c2d36aa657848dadd648ffdb4e\redhat.java -Daether.dependencyCollector.impl=bf -XX:+UnlockDiagnosticVMOptions -XX:+AllowArchivingWithJavaAgent -XX:+AutoCreateSharedArchive -XX:SharedArchiveFile=c:\Users\rayve\AppData\Roaming\Code\User\globalStorage\redhat.java\1.55.2026051309\jdtls.jsa 
java_command: c:\Users\rayve\.vscode\extensions\redhat.java-1.55.2026051309-win32-x64\server\plugins\org.eclipse.equinox.launcher_1.7.100.v20251111-0406.jar -configuration c:\Users\rayve\AppData\Roaming\Code\User\globalStorage\redhat.java\1.55.2026051309\config_win -data c:\Users\rayve\AppData\Roaming\Code\User\workspaceStorage\792740c2d36aa657848dadd648ffdb4e\redhat.java\jdt_ws --pipe=\\.\pipe\lsp-0dd0a7b680d8efaac9c1403cf18991bb-sock
java_class_path (initial): c:\Users\rayve\.vscode\extensions\redhat.java-1.55.2026051309-win32-x64\server\plugins\org.eclipse.equinox.launcher_1.7.100.v20251111-0406.jar
Launcher Type: SUN_STANDARD

[Global flags]
    uintx AdaptiveSizePolicyWeight                 = 90                                        {product} {command line}
     bool AllowArchivingWithJavaAgent              = true                             {JVMCI diagnostic} {command line}
     bool AutoCreateSharedArchive                  = false                               {JVMCI product} {command line}
     intx CICompilerCount                          = 3                                         {product} {ergonomic}
    uintx GCTimeRatio                              = 4                                         {product} {command line}
     bool HeapDumpOnOutOfMemoryError               = true                                   {manageable} {command line}
    ccstr HeapDumpPath                             = c:\Users\rayve\AppData\Roaming\Code\User\workspaceStorage\792740c2d36aa657848dadd648ffdb4e\redhat.java         {manageable} {command line}
   size_t InitialHeapSize                          = 104857600                                 {product} {command line}
   size_t MaxHeapSize                              = 2147483648                                {product} {command line}
   size_t MaxNewSize                               = 715653120                                 {product} {ergonomic}
   size_t MinHeapDeltaBytes                        = 524288                                    {product} {ergonomic}
   size_t MinHeapSize                              = 104857600                                 {product} {command line}
   size_t NewSize                                  = 34603008                                  {product} {ergonomic}
    uintx NonNMethodCodeHeapSize                   = 5832780                                {pd product} {ergonomic}
    uintx NonProfiledCodeHeapSize                  = 122912730                              {pd product} {ergonomic}
   size_t OldSize                                  = 70254592                                  {product} {ergonomic}
    uintx ProfiledCodeHeapSize                     = 122912730                              {pd product} {ergonomic}
    uintx ReservedCodeCacheSize                    = 251658240                              {pd product} {ergonomic}
     bool SegmentedCodeCache                       = true                                      {product} {ergonomic}
    ccstr SharedArchiveFile                        = c:\Users\rayve\AppData\Roaming\Code\User\globalStorage\redhat.java\1.55.2026051309\jdtls.jsa      {JVMCI product} {command line}
   size_t SoftMaxHeapSize                          = 2147483648                             {manageable} {ergonomic}
     bool UnlockDiagnosticVMOptions                = true                                   {diagnostic} {command line}
     bool UseCompressedOops                        = true                           {product lp64_product} {ergonomic}
     bool UseLargePagesIndividualAllocation        = false                                  {pd product} {ergonomic}
     bool UseParallelGC                            = true                                      {product} {command line}

Logging:
Log output configuration:
 #0: stdout all=off uptime,level,tags foldmultilines=false
 #1: stderr all=off uptime,level,tags foldmultilines=false

Release file:
JAVA_VERSION="21.0.10" 
MODULES="java.base java.compiler java.datatransfer java.xml java.prefs java.desktop java.instrument java.logging java.management java.security.sasl java.naming java.rmi java.management.rmi java.net.http java.scripting java.security.jgss java.transaction.xa java.sql java.sql.rowset java.xml.crypto java.se java.smartcardio jdk.accessibility jdk.internal.jvmstat jdk.attach jdk.charsets jdk.internal.opt jdk.zipfs jdk.compiler jdk.crypto.ec jdk.crypto.cryptoki jdk.crypto.mscapi jdk.dynalink jdk.internal.ed jdk.editpad jdk.hotspot.agent jdk.httpserver jdk.internal.le jdk.internal.vm.ci jdk.internal.vm.compiler jdk.internal.vm.compiler.management jdk.jartool jdk.javadoc jdk.jcmd jdk.management jdk.management.agent jdk.jconsole jdk.jdeps jdk.jdwp.agent jdk.jdi jdk.jfr jdk.jshell jdk.jsobject jdk.jstatd jdk.localedata jdk.management.jfr jdk.naming.dns jdk.naming.rmi jdk.net jdk.nio.mapmode jdk.random jdk.sctp jdk.security.auth jdk.security.jgss jdk.unsupported jdk.unsupported.desktop jdk.xml.dom" 

Environment Variables:
JAVA_HOME=  C:\Program Files\Java\jdk-21
PATH=C:\Users\rayve\AppData\Local\Programs\Microsoft VS Code;C:\Program Files\Eclipse Adoptium\jdk-25.0.2.10-hotspot\bin;C:\Program Files\Common Files\Oracle\Java\javapath;C:\Windows\system32;C:\Windows;C:\Windows\System32\Wbem;C:\Windows\System32\WindowsPowerShell\v1.0\;C:\Windows\System32\OpenSSH\;C:\Program Files\Git\cmd;C:\Users\rayve\AppData\Local\Microsoft\WindowsApps;C:\Users\rayve\AppData\Local\Programs\Microsoft VS Code\bin
USERNAME=rayve
OS=Windows_NT
PROCESSOR_IDENTIFIER=Intel64 Family 6 Model 142 Stepping 9, GenuineIntel
TMP=C:\Users\rayve\AppData\Local\Temp
TEMP=C:\Users\rayve\AppData\Local\Temp




Periodic native trim disabled

---------------  S Y S T E M  ---------------

OS:
 Windows 10 , 64 bit Build 19041 (10.0.19041.7291)
OS uptime: 0 days 11:46 hours

CPU: total 4 (initial active 4) (2 cores per cpu, 2 threads per core) family 6 model 142 stepping 9 microcode 0xb4, cx8, cmov, fxsr, ht, mmx, 3dnowpref, sse, sse2, sse3, ssse3, sse4.1, sse4.2, popcnt, lzcnt, tsc, tscinvbit, avx, avx2, aes, erms, clmul, bmi1, bmi2, adx, fma, vzeroupper, clflush, clflushopt, rdtscp, f16c
Processor Information for processor 0
  Max Mhz: 2400, Current Mhz: 2400, Mhz Limit: 2400
Processor Information for processor 1
  Max Mhz: 2400, Current Mhz: 1500, Mhz Limit: 2400
Processor Information for processor 2
  Max Mhz: 2400, Current Mhz: 2400, Mhz Limit: 2400
Processor Information for processor 3
  Max Mhz: 2400, Current Mhz: 2400, Mhz Limit: 2400

Memory: 4k page, system-wide physical 16287M (4563M free)
TotalPageFile size 16618M (AvailPageFile size 1M)
current process WorkingSet (physical memory assigned to process): 50M, peak: 324M
current process commit charge ("private bytes"): 397M, peak: 409M

vm_info: OpenJDK 64-Bit Server VM (21.0.10+7-LTS) for windows-amd64 JRE (21.0.10+7-LTS), built on 2026-01-20T00:00:00Z by "admin" with MS VC++ 17.12 (VS2022)

END.
